New announcement found: {
  listed_at: '2024-10-17T17:47:53+09:00',
  first_listed_at: '2024-10-17T17:47:53+09:00',
  id: 4562,
  title: '인젝티브(INJ) KRW, USDT 마켓 디지털 자산 추가',
  category: '거래',
  need_new_badge: false,
  need_update_badge: false
}
Initial load. Latest announcement ID: 4562
Newly listed coin in the latest announcement: INJ
Message sent successfully.
No new announcements. 10/21/2024, 1:57:27 PM
No new announcements. 10/21/2024, 1:57:28 PM
No new announcements. 10/21/2024, 1:57:29 PM
No new announcements. 10/21/2024, 1:57:30 PM
No new announcements. 10/21/2024, 1:57:31 PM
No new announcements. 10/21/2024, 1:57:32 PM
No new announcements. 10/21/2024, 1:57:33 PM
No new announcements. 10/21/2024, 1:57:35 PM
No new announcements. 10/21/2024, 1:57:36 PM
No new announcements. 10/21/2024, 1:57:36 PM
No new announcements. 10/21/2024, 1:57:39 PM
No new announcements. 10/21/2024, 1:57:40 PM
No new announcements. 10/21/2024, 1:57:41 PM
No new announcements. 10/21/2024, 1:57:42 PM
No new announcements. 10/21/2024, 1:57:43 PM
No new announcements. 10/21/2024, 1:57:44 PM
No new announcements. 10/21/2024, 1:57:45 PM
No new announcements. 10/21/2024, 1:57:46 PM
No new announcements. 10/21/2024, 1:57:47 PM
No new announcements. 10/21/2024, 1:57:48 PM
No new announcements. 10/21/2024, 1:57:49 PM
No new announcements. 10/21/2024, 1:57:50 PM
No new announcements. 10/21/2024, 1:57:51 PM
No new announcements. 10/21/2024, 1:57:52 PM
No new announcements. 10/21/2024, 1:57:53 PM
No new announcements. 10/21/2024, 1:57:54 PM
No new announcements. 10/21/2024, 1:57:55 PM
No new announcements. 10/21/2024, 1:57:56 PM
No new announcements. 10/21/2024, 1:57:57 PM
No new announcements. 10/21/2024, 1:57:58 PM
No new announcements. 10/21/2024, 1:57:59 PM
No new announcements. 10/21/2024, 1:58:00 PM
No new announcements. 10/21/2024, 1:58:01 PM
No new announcements. 10/21/2024, 1:58:02 PM
No new announcements. 10/21/2024, 1:58:04 PM
No new announcements. 10/21/2024, 1:58:05 PM
No new announcements. 10/21/2024, 1:58:06 PM
No new announcements. 10/21/2024, 1:58:07 PM
No new announcements. 10/21/2024, 1:58:09 PM
No new announcements. 10/21/2024, 1:58:10 PM
No new announcements. 10/21/2024, 1:58:11 PM
No new announcements. 10/21/2024, 1:58:13 PM
No new announcements. 10/21/2024, 1:58:13 PM
No new announcements. 10/21/2024, 1:58:14 PM
No new announcements. 10/21/2024, 1:58:15 PM
No new announcements. 10/21/2024, 1:58:16 PM
No new announcements. 10/21/2024, 1:58:17 PM
No new announcements. 10/21/2024, 1:58:18 PM
No new announcements. 10/21/2024, 1:58:19 PM
No new announcements. 10/21/2024, 1:58:20 PM
No new announcements. 10/21/2024, 1:58:21 PM
No new announcements. 10/21/2024, 1:58:22 PM
No new announcements. 10/21/2024, 1:58:23 PM
No new announcements. 10/21/2024, 1:58:24 PM
No new announcements. 10/21/2024, 1:58:26 PM
No new announcements. 10/21/2024, 1:58:26 PM
No new announcements. 10/21/2024, 1:58:27 PM
No new announcements. 10/21/2024, 1:58:28 PM
No new announcements. 10/21/2024, 1:58:30 PM
No new announcements. 10/21/2024, 1:58:31 PM
No new announcements. 10/21/2024, 1:58:32 PM
No new announcements. 10/21/2024, 1:58:33 PM
No new announcements. 10/21/2024, 1:58:34 PM
No new announcements. 10/21/2024, 1:58:36 PM
No new announcements. 10/21/2024, 1:58:36 PM
No new announcements. 10/21/2024, 1:58:37 PM
No new announcements. 10/21/2024, 1:58:38 PM
No new announcements. 10/21/2024, 1:58:39 PM
No new announcements. 10/21/2024, 1:58:40 PM
No new announcements. 10/21/2024, 1:58:41 PM
No new announcements. 10/21/2024, 1:58:42 PM
No new announcements. 10/21/2024, 1:58:43 PM
No new announcements. 10/21/2024, 1:58:44 PM
No new announcements. 10/21/2024, 1:58:45 PM
No new announcements. 10/21/2024, 1:58:46 PM
No new announcements. 10/21/2024, 1:58:47 PM
No new announcements. 10/21/2024, 1:58:49 PM
No new announcements. 10/21/2024, 1:58:50 PM
No new announcements. 10/21/2024, 1:58:51 PM
No new announcements. 10/21/2024, 1:58:52 PM
No new announcements. 10/21/2024, 1:58:53 PM
No new announcements. 10/21/2024, 1:58:54 PM
No new announcements. 10/21/2024, 1:58:55 PM
No new announcements. 10/21/2024, 1:58:58 PM
No new announcements. 10/21/2024, 1:58:58 PM
No new announcements. 10/21/2024, 1:58:59 PM
No new announcements. 10/21/2024, 1:59:00 PM
No new announcements. 10/21/2024, 1:59:01 PM
No new announcements. 10/21/2024, 1:59:02 PM
No new announcements. 10/21/2024, 1:59:03 PM
No new announcements. 10/21/2024, 1:59:04 PM
No new announcements. 10/21/2024, 1:59:05 PM
No new announcements. 10/21/2024, 1:59:07 PM
No new announcements. 10/21/2024, 1:59:08 PM
No new announcements. 10/21/2024, 1:59:08 PM
No new announcements. 10/21/2024, 1:59:09 PM
No new announcements. 10/21/2024, 1:59:11 PM
No new announcements. 10/21/2024, 1:59:11 PM
No new announcements. 10/21/2024, 1:59:12 PM
No new announcements. 10/21/2024, 1:59:14 PM
No new announcements. 10/21/2024, 1:59:15 PM
No new announcements. 10/21/2024, 1:59:16 PM
No new announcements. 10/21/2024, 1:59:17 PM
No new announcements. 10/21/2024, 1:59:18 PM
No new announcements. 10/21/2024, 1:59:19 PM
No new announcements. 10/21/2024, 1:59:20 PM
No new announcements. 10/21/2024, 1:59:21 PM
No new announcements. 10/21/2024, 1:59:22 PM
No new announcements. 10/21/2024, 1:59:23 PM
No new announcements. 10/21/2024, 1:59:24 PM
No new announcements. 10/21/2024, 1:59:25 PM
No new announcements. 10/21/2024, 1:59:26 PM
No new announcements. 10/21/2024, 1:59:27 PM
No new announcements. 10/21/2024, 1:59:29 PM
No new announcements. 10/21/2024, 1:59:29 PM
No new announcements. 10/21/2024, 1:59:30 PM
No new announcements. 10/21/2024, 1:59:31 PM
No new announcements. 10/21/2024, 1:59:32 PM
No new announcements. 10/21/2024, 1:59:34 PM
No new announcements. 10/21/2024, 1:59:36 PM
No new announcements. 10/21/2024, 1:59:37 PM
No new announcements. 10/21/2024, 1:59:37 PM
No new announcements. 10/21/2024, 1:59:38 PM
No new announcements. 10/21/2024, 1:59:39 PM
No new announcements. 10/21/2024, 1:59:40 PM
No new announcements. 10/21/2024, 1:59:41 PM
No new announcements. 10/21/2024, 1:59:42 PM
No new announcements. 10/21/2024, 1:59:43 PM
No new announcements. 10/21/2024, 1:59:44 PM
No new announcements. 10/21/2024, 1:59:46 PM
No new announcements. 10/21/2024, 1:59:46 PM
No new announcements. 10/21/2024, 1:59:47 PM
No new announcements. 10/21/2024, 1:59:48 PM
No new announcements. 10/21/2024, 1:59:49 PM
No new announcements. 10/21/2024, 1:59:50 PM
No new announcements. 10/21/2024, 1:59:51 PM
No new announcements. 10/21/2024, 1:59:52 PM
No new announcements. 10/21/2024, 1:59:53 PM
No new announcements. 10/21/2024, 1:59:54 PM
No new announcements. 10/21/2024, 1:59:55 PM
No new announcements. 10/21/2024, 1:59:56 PM
No new announcements. 10/21/2024, 1:59:58 PM
No new announcements. 10/21/2024, 1:59:58 PM
No new announcements. 10/21/2024, 1:59:59 PM
No new announcements. 10/21/2024, 2:00:00 PM
No new announcements. 10/21/2024, 2:00:02 PM
No new announcements. 10/21/2024, 2:00:02 PM
No new announcements. 10/21/2024, 2:00:04 PM
No new announcements. 10/21/2024, 2:00:04 PM
No new announcements. 10/21/2024, 2:00:05 PM
No new announcements. 10/21/2024, 2:00:06 PM
No new announcements. 10/21/2024, 2:00:07 PM
No new announcements. 10/21/2024, 2:00:08 PM
No new announcements. 10/21/2024, 2:00:10 PM
No new announcements. 10/21/2024, 2:00:11 PM
No new announcements. 10/21/2024, 2:00:12 PM
No new announcements. 10/21/2024, 2:00:13 PM
No new announcements. 10/21/2024, 2:00:14 PM
No new announcements. 10/21/2024, 2:00:15 PM
No new announcements. 10/21/2024, 2:00:16 PM
No new announcements. 10/21/2024, 2:00:17 PM
No new announcements. 10/21/2024, 2:00:18 PM
No new announcements. 10/21/2024, 2:00:19 PM
No new announcements. 10/21/2024, 2:00:20 PM
No new announcements. 10/21/2024, 2:00:24 PM
No new announcements. 10/21/2024, 2:00:24 PM
No new announcements. 10/21/2024, 2:00:25 PM
No new announcements. 10/21/2024, 2:00:26 PM
No new announcements. 10/21/2024, 2:00:27 PM
No new announcements. 10/21/2024, 2:00:28 PM
No new announcements. 10/21/2024, 2:00:29 PM
